app/build/outputs/logs/manifest-merger-release-report.txt
-- Merging decision tree log ---
manifest
ADDED from src\main\AndroidManifest.xml:2:1-104:12
	package
		ADDED from src\main\AndroidManifest.xml:3:5-36
		INJECTED from src\main\AndroidManifest.xml
		INJECTED from src\main\AndroidManifest.xml
	android:versionName
		ADDED from src\main\AndroidManifest.xml:5:5-32
		INJECTED from src\main\AndroidManifest.xml
		INJECTED from src\main\AndroidManifest.xml
	android:versionCode
		ADDED from src\main\AndroidManifest.xml:4:5-29
		INJECTED from src\main\AndroidManifest.xml
		INJECTED from src\main\AndroidManifest.xml
	xmlns:android
		ADDED from src\main\AndroidManifest.xml:2:11-69
uses-sdk
ADDED from src\main\AndroidManifest.xml:7:5-9:41
MERGED from [com.android.support:design:22.2.1] AndroidManifest.xml:20:5-43
MERGED from [com.android.support:appcompat-v7:22.2.1] AndroidManifest.xml:20:5-43
MERGED from [com.android.support:support-v4:22.2.1] AndroidManifest.xml:20:5-43
MERGED from [com.android.support:support-v4:22.2.1] AndroidManifest.xml:20:5-43
MERGED from [com.android.support:cardview-v7:22.2.1] AndroidManifest.xml:20:5-43
MERGED from [com.facebook.android:facebook-android-sdk:4.6.0] AndroidManifest.xml:24:5-26:41
MERGED from [com.android.support:support-v4:22.2.1] AndroidManifest.xml:20:5-43
MERGED from [com.android.support:recyclerview-v7:22.2.1] AndroidManifest.xml:20:5-43
MERGED from [com.android.support:support-v4:22.2.1] AndroidManifest.xml:20:5-43
MERGED from [info.hoang8f:android-segmented:1.0.6] AndroidManifest.xml:7:5-9:41
MERGED from [com.daimajia.slider:library:1.1.5] AndroidManifest.xml:7:5-9:41
	android:targetSdkVersion
		ADDED from src\main\AndroidManifest.xml:9:9-38
		INJECTED from src\main\AndroidManifest.xml
		INJECTED from src\main\AndroidManifest.xml
	android:minSdkVersion
		ADDED from src\main\AndroidManifest.xml:8:9-35
		INJECTED from src\main\AndroidManifest.xml
		INJECTED from src\main\AndroidManifest.xml
uses-permission#android.permission.INTERNET
ADDED from src\main\AndroidManifest.xml:11:5-67
MERGED from [com.daimajia.slider:library:1.1.5] AndroidManifest.xml:11:5-67
	android:name
		ADDED from src\main\AndroidManifest.xml:11:22-64
uses-permission#android.permission.WRITE_EXTERNAL_STORAGE
ADDED from src\main\AndroidManifest.xml:12:5-81
MERGED from [com.daimajia.slider:library:1.1.5] AndroidManifest.xml:12:5-81
	android:name
		ADDED from src\main\AndroidManifest.xml:12:22-78
uses-permission#android.permission.ACCESS_NETWORK_STATE
ADDED from src\main\AndroidManifest.xml:13:5-79
	android:name
		ADDED from src\main\AndroidManifest.xml:13:22-76
uses-permission#android.permission.KILL_BACKGROUND_PROCESSES
ADDED from src\main\AndroidManifest.xml:14:5-84
	android:name
		ADDED from src\main\AndroidManifest.xml:14:22-81
uses-permission#android.permission.CAMERA
ADDED from src\main\AndroidManifest.xml:15:5-65
	android:name
		ADDED from src\main\AndroidManifest.xml:15:22-62
uses-permission#android.permission.READ_PHONE_STATE
ADDED from src\main\AndroidManifest.xml:16:5-75
	android:name
		ADDED from src\main\AndroidManifest.xml:16:22-72
uses-permission#android.permission.VIBRATE
ADDED from src\main\AndroidManifest.xml:17:5-66
	android:name
		ADDED from src\main\AndroidManifest.xml:17:22-63
uses-permission#android.permission.ACCESS_FINE_LOCATION
ADDED from src\main\AndroidManifest.xml:18:5-79
	android:name
		ADDED from src\main\AndroidManifest.xml:18:22-76
uses-permission#android.permission.ACCESS_COARSE_LOCATION
ADDED from src\main\AndroidManifest.xml:19:5-81
	android:name
		ADDED from src\main\AndroidManifest.xml:19:22-78
uses-permission#com.google.android.providers.gsf.permission.READ_GSERVICES
ADDED from src\main\AndroidManifest.xml:20:5-98
	android:name
		ADDED from src\main\AndroidManifest.xml:20:22-95
supports-screens
ADDED from src\main\AndroidManifest.xml:22:5-28:40
	android:largeScreens
		ADDED from src\main\AndroidManifest.xml:24:9-36
	android:smallScreens
		ADDED from src\main\AndroidManifest.xml:27:9-37
	android:normalScreens
		ADDED from src\main\AndroidManifest.xml:25:9-37
	android:xlargeScreens
		ADDED from src\main\AndroidManifest.xml:28:9-37
	android:resizeable
		ADDED from src\main\AndroidManifest.xml:26:9-35
	android:anyDensity
		ADDED from src\main\AndroidManifest.xml:23:9-34
application
ADDED from src\main\AndroidManifest.xml:31:5-102:19
MERGED from [com.android.support:design:22.2.1] AndroidManifest.xml:22:5-20
MERGED from [com.android.support:appcompat-v7:22.2.1] AndroidManifest.xml:22:5-20
MERGED from [com.android.support:support-v4:22.2.1] AndroidManifest.xml:22:5-20
MERGED from [com.android.support:support-v4:22.2.1] AndroidManifest.xml:22:5-20
MERGED from [com.android.support:cardview-v7:22.2.1] AndroidManifest.xml:22:5-20
MERGED from [com.facebook.android:facebook-android-sdk:4.6.0] AndroidManifest.xml:28:5-20
MERGED from [com.android.support:support-v4:22.2.1] AndroidManifest.xml:22:5-20
MERGED from [com.android.support:support-v4:22.2.1] AndroidManifest.xml:22:5-20
	android:label
		ADDED from src\main\AndroidManifest.xml:35:9-41
	android:hardwareAccelerated
		ADDED from src\main\AndroidManifest.xml:33:9-44
	android:allowBackup
		ADDED from src\main\AndroidManifest.xml:32:9-35
	android:icon
		ADDED from src\main\AndroidManifest.xml:34:9-45
	android:largeHeap
		ADDED from src\main\AndroidManifest.xml:36:9-33
	android:theme
		ADDED from src\main\AndroidManifest.xml:37:9-48
activity#com.porar.ebooks.stou.Activity_Preload
ADDED from src\main\AndroidManifest.xml:38:9-47:20
	android:screenOrientation
		ADDED from src\main\AndroidManifest.xml:41:13-49
	android:label
		ADDED from src\main\AndroidManifest.xml:40:13-45
	android:name
		ADDED from src\main\AndroidManifest.xml:39:13-44
intent-filter#android.intent.action.MAIN+android.intent.category.LAUNCHER
ADDED from src\main\AndroidManifest.xml:42:13-46:29
action#android.intent.action.MAIN
ADDED from src\main\AndroidManifest.xml:43:17-69
	android:name
		ADDED from src\main\AndroidManifest.xml:43:25-66
category#android.intent.category.LAUNCHER
ADDED from src\main\AndroidManifest.xml:45:17-77
	android:name
		ADDED from src\main\AndroidManifest.xml:45:27-74
activity#com.porar.ebooks.stou.Activity_MainTab
ADDED from src\main\AndroidManifest.xml:49:9-51:61
	android:screenOrientation
		ADDED from src\main\AndroidManifest.xml:51:13-49
	android:name
		ADDED from src\main\AndroidManifest.xml:50:13-44
activity#com.porar.ebooks.stou.Activity_Tab
ADDED from src\main\AndroidManifest.xml:52:9-54:61
	android:screenOrientation
		ADDED from src\main\AndroidManifest.xml:54:13-49
	android:name
		ADDED from src\main\AndroidManifest.xml:53:13-40
activity#com.porar.ebooks.stou.Activity_Detail
ADDED from src\main\AndroidManifest.xml:55:9-57:61
	android:screenOrientation
		ADDED from src\main\AndroidManifest.xml:57:13-49
	android:name
		ADDED from src\main\AndroidManifest.xml:56:13-43
activity#com.porar.ebooks.stou.ActivityDetail_Publisher
ADDED from src\main\AndroidManifest.xml:58:9-60:61
	android:screenOrientation
		ADDED from src\main\AndroidManifest.xml:60:13-49
	android:name
		ADDED from src\main\AndroidManifest.xml:59:13-52
activity#com.porar.ebooks.stou.Page_Image_Slide
ADDED from src\main\AndroidManifest.xml:62:9-62
	android:name
		ADDED from src\main\AndroidManifest.xml:62:19-50
activity#com.porar.ebooks.stou.Activity_Quote
ADDED from src\main\AndroidManifest.xml:63:9-65:61
	android:screenOrientation
		ADDED from src\main\AndroidManifest.xml:65:13-49
	android:name
		ADDED from src\main\AndroidManifest.xml:64:13-42
meta-data#com.facebook.sdk.ApplicationId
ADDED from src\main\AndroidManifest.xml:67:9-69:46
	android:value
		ADDED from src\main\AndroidManifest.xml:69:13-43
	android:name
		ADDED from src\main\AndroidManifest.xml:68:13-58
meta-data#com.facebook.sdk.ApplicationName
ADDED from src\main\AndroidManifest.xml:71:9-73:48
	android:value
		ADDED from src\main\AndroidManifest.xml:73:13-45
	android:name
		ADDED from src\main\AndroidManifest.xml:72:13-60
provider#com.facebook.FacebookContentProvider
ADDED from src\main\AndroidManifest.xml:75:9-78:39
	android:authorities
		ADDED from src\main\AndroidManifest.xml:77:13-90
	android:exported
		ADDED from src\main\AndroidManifest.xml:78:13-36
	android:name
		ADDED from src\main\AndroidManifest.xml:76:13-64
activity#com.facebook.FacebookActivity
ADDED from src\main\AndroidManifest.xml:80:9-84:75
	android:label
		ADDED from src\main\AndroidManifest.xml:83:13-45
	android:configChanges
		ADDED from src\main\AndroidManifest.xml:82:13-96
	android:theme
		ADDED from src\main\AndroidManifest.xml:84:13-72
	android:name
		ADDED from src\main\AndroidManifest.xml:81:13-57
activity#com.porar.ebooks.stou.Activity_QuoteShare
ADDED from src\main\AndroidManifest.xml:86:9-99:20
	android:screenOrientation
		ADDED from src\main\AndroidManifest.xml:88:13-49
	android:name
		ADDED from src\main\AndroidManifest.xml:87:13-47
intent-filter#android.intent.action.VIEW+android.intent.category.BROWSABLE+android.intent.category.DEFAULT
ADDED from src\main\AndroidManifest.xml:89:13-98:29
action#android.intent.action.VIEW
ADDED from src\main\AndroidManifest.xml:90:17-69
	android:name
		ADDED from src\main\AndroidManifest.xml:90:25-66
category#android.intent.category.DEFAULT
ADDED from src\main\AndroidManifest.xml:92:17-76
	android:name
		ADDED from src\main\AndroidManifest.xml:92:27-73
category#android.intent.category.BROWSABLE
ADDED from src\main\AndroidManifest.xml:93:17-78
	android:name
		ADDED from src\main\AndroidManifest.xml:93:27-75
data
ADDED from src\main\AndroidManifest.xml:95:17-97:46
	android:host
		ADDED from src\main\AndroidManifest.xml:96:21-52
	android:scheme
		ADDED from src\main\AndroidManifest.xml:97:21-43